commit ebd73023af69d86ab2d22f599a37eff15a9416b8
Author: jvorontsova <j.vorontsova@intetics.com>
Date:   Thu Aug 23 05:14:19 2012 -0700

    6

commit 11fba6b6c91a2ad2ba3ed81e49cf0c44421477e2
Author: jvorontsova <j.vorontsova@intetics.com>
Date:   Thu Aug 23 05:13:17 2012 -0700

    +dleetion

commit cce2d0c79e32e163c0b2968b22337975f01de331
Author: jvorontsova <j.vorontsova@intetics.com>
Date:   Thu Aug 23 05:10:34 2012 -0700

    4 commit

commit 70a8a5e3bb55d1df10a7f9c4bd596026049c2fe4
Author: jvorontsova <j.vorontsova@intetics.com>
Date:   Thu Aug 23 05:08:59 2012 -0700

    third commit

commit a91b087ebbf48fd74fdddf208ff93ef75e5f5941
Author: jvorontsova <j.vorontsova@intetics.com>
Date:   Thu Aug 23 05:01:11 2012 -0700

    second commit of project

commit d77f121b07df3fa5dade7678b88d2b54aa2494d4
Author: root <root@localhost.localdomain>
Date:   Thu Aug 23 03:23:38 2012 -0700

    initial project version
